<?xml version="1.0" encoding="UTF-8"?>
<!-- Generated by org.testng.reporters.JUnitReportReporter -->
<testsuite hostname="DESKTOP-FDNI5GL" failures="0" tests="1" name="books.GetBooksRest1" time="2.168" errors="0" timestamp="2022-11-25T10:50:31 MEZ" skipped="0">
  <testcase classname="books.GetBooksRest1" name="get_User" time="2.168"/>
  <system-out/>
</testsuite> <!-- books.GetBooksRest1 -->
